[18:24:52] [INIT] KubeJS 2001.6.5-build.16; MC 2001 forge
[18:24:52] [INIT] Loaded plugins:
[18:24:52] [INIT] - dev.latvian.mods.kubejs.forge.BuiltinKubeJSForgePlugin
[18:24:52] [INIT] - dev.latvian.mods.kubejs.forge.BuiltinKubeJSForgeClientPlugin
[18:24:52] [INIT] - com.tacz.guns.compat.kubejs.TimelessKubeJSPlugin
[18:24:52] [INIT] - com.gregtechceu.gtceu.integration.kjs.GregTechKubeJSPlugin
[18:24:52] [INIT] - com.lowdragmc.lowdraglib.kjs.LDLibKubeJSPlugin
[18:24:52] [INIT] - com.norwood.wfcore.integration.kubejs.WFCoreKubePlugin
[18:24:52] [INIT] - com.warfactory.ultimateweight.forge.kubejs.UltimateWeightKubeJSPlugin
[18:24:52] [INIT] - dev.ftb.mods.ftbxmodcompat.ftbquests.kubejs.KubeJSIntegration
[18:24:52] [INIT] - dev.ftb.mods.ftbxmodcompat.ftbchunks.kubejs.FTBChunksKubeJSPlugin
[18:24:52] [INIT] - dev.ftb.mods.ftbxmodcompat.ftbteams.kubejs.FTBTeamsKubeJSPlugin
[18:24:52] [INIT] - dev.ftb.mods.ftbxmodcompat.ftbfiltersystem.kubejs.FFSKubeJSPlugin
[18:24:52] [INFO] Loaded script server_scripts:Armor.js in 0.004 s
[18:24:52] [INFO] Loaded script server_scripts:Claims.js in 0.003 s
[18:24:52] [INFO] Loaded script server_scripts:EV.js in 0.0 s
[18:24:52] [INFO] Loaded script server_scripts:Gun_and_Ammo.js in 0.003 s
[18:24:52] [INFO] Loaded script server_scripts:HV.js in 0.0 s
[18:24:52] [INFO] Loaded script server_scripts:LV.js in 0.002 s
[18:24:52] [INFO] Loaded script server_scripts:MV.js in 0.0 s
[18:24:52] [INFO] Loaded script server_scripts:orecompat.js in 0.001 s
[18:24:52] [INFO] Loaded script server_scripts:Parts/gunrParts.js in 0.0 s
[18:24:52] [INFO] Loaded script server_scripts:Parts/otherParts.js in 0.001 s
[18:24:52] [INFO] Loaded script server_scripts:Parts/Vehicle-Parts.js in 0.002 s
[18:24:52] [INFO] Loaded script server_scripts:Primitive.js in 0.001 s
[18:24:52] [INFO] Loaded script server_scripts:Vehicle_Factory.js in 0.001 s
[18:24:52] [INFO] Loaded script server_scripts:Walkie_Talkie.js in 0.0 s
[18:24:52] [INFO] Loaded script server_scripts:dump_items.js in 0.001 s
[18:24:52] [INFO] Loaded script server_scripts:compact_clay.js in 0.001 s
[18:24:52] [INFO] Loaded 16/16 KubeJS server scripts in 0.037 s with 0 errors and 0 warnings
[18:24:52] [INFO] Scripts loaded
[18:24:52] [INFO] Initializing recipe event...
[18:24:53] [INFO] Processing recipes...
[18:24:54] [INFO] Found 42417 recipes in 1.237 s
[18:24:55] [WARN] Gun_and_Ammo.js#19: Trying to add more inputs than RecipeType can support, id: kubejs:cutter/bullet_casing_small, Max itemInputs: 1
[18:24:55] [WARN] Gun_and_Ammo.js#19: Trying to add more inputs than RecipeType can support, id: kubejs:cutter/bullet_casing_medium, Max itemInputs: 1
[18:24:55] [WARN] Gun_and_Ammo.js#19: Trying to add more inputs than RecipeType can support, id: kubejs:cutter/bullet_casing_large, Max itemInputs: 1
[18:24:55] [WARN] Gun_and_Ammo.js#19: Trying to add more inputs than RecipeType can support, id: kubejs:cutter/bullet_casing_xl, Max itemInputs: 1
[18:24:56] [WARN] Vehicle_Factory.js#203: Trying to add more inputs than RecipeType can support, id: gtceu:vehicle_factory/vehicle_18, Max itemInputs: 5
[18:24:56] [INFO] Posted recipe events in 1.519 s
[18:24:58] [INFO] Added 198 recipes, removed 342 recipes, modified 0 recipes, with 0 failed recipes in 1.784 s
[18:24:58] [ERROR] ! compact_clay.js#14: Error in 'GTCEuServerEvents.oreVeins': Java class "com.gregtechceu.gtceu.common.data.GTMaterials" has no public instance field or method named "ClayPipeMaterial".
[18:24:58] [ERROR] ! …rhino.EvaluatorException: Java class "com.gregtechceu.gtceu.common.data.GTMaterials" has no public instance field or method named "ClayPipeMaterial". (server_scripts:compact_clay.js#14)
[18:24:58] [ERROR] !   at …rhino.DefaultErrorReporter.runtimeError(DefaultErrorReporter.java:67)
[18:24:58] [ERROR] !   at …rhino.Context.reportRuntimeError(Context.java:133)
[18:24:58] [ERROR] !   at …rhino.Context.reportRuntimeError(Context.java:173)
[18:24:58] [ERROR] !   at …rhino.Context.reportRuntimeError2(Context.java:150)
[18:24:58] [ERROR] !   at …rhino.JavaMembers.reportMemberNotFound(JavaMembers.java:866)
[18:24:58] [ERROR] !   at …rhino.NativeJavaClass.get(NativeJavaClass.java:167)
[18:24:58] [ERROR] !   at …rhino.ScriptableObject.getProperty(ScriptableObject.java:949)
[18:24:58] [ERROR] !   at …rhino.ScriptRuntime.getObjectProp(ScriptRuntime.java:1255)
[18:24:58] [ERROR] !   at …rhino.ScriptRuntime.getObjectProp(ScriptRuntime.java:1250)
[18:24:58] [ERROR] !   at …rhino.Interpreter.interpretLoop(Interpreter.java:775)
[18:24:58] [ERROR] !   at script(server_scripts:compact_clay.js:14)
[18:24:58] [ERROR] !   at …rhino.Interpreter.interpret(Interpreter.java:370)
[18:24:58] [ERROR] !   at …rhino.InterpretedFunction.call(InterpretedFunction.java:72)
[18:24:58] [ERROR] !   at …rhino.Context.callSync(Context.java:1357)
[18:24:58] [ERROR] !   at …rhino.ArrowFunction.call(ArrowFunction.java:42)
[18:24:58] [ERROR] !   at …rhino.Context.callSync(Context.java:1357)
[18:24:58] [ERROR] !   at …rhino.InterfaceAdapter.invoke(InterfaceAdapter.java:125)
[18:24:58] [ERROR] !   at …rhino.VMBridge.lambda$newInterfaceProxy$0(VMBridge.java:74)
[18:24:58] [ERROR] !   at jdk.proxy1/jdk.proxy1.$Proxy117.accept(Unknown Source)
[18:24:58] [ERROR] !   at com.gregtechceu.gtceu.api.data.worldgen.GTOreDefinition.dikeVeinGenerator(GTOreDefinition.java:289)
[18:24:58] [ERROR] !   at java.lang.reflect.Method.invoke(Method.java:580)
[18:24:58] [ERROR] !   at …rhino.MemberBox.invoke(MemberBox.java:160)
[18:24:58] [ERROR] !   at …rhino.NativeJavaMethod.call(NativeJavaMethod.java:463)
[18:24:58] [ERROR] !   at …rhino.Interpreter.interpretLoop(Interpreter.java:986)
[18:24:58] [ERROR] !   at script(server_scripts:compact_clay.js:14)
[18:24:58] [ERROR] !   at …rhino.Interpreter.interpret(Interpreter.java:370)
[18:24:58] [ERROR] !   at …rhino.InterpretedFunction.call(InterpretedFunction.java:72)
[18:24:58] [ERROR] !   at …rhino.Context.callSync(Context.java:1357)
[18:24:58] [ERROR] !   at …rhino.ArrowFunction.call(ArrowFunction.java:42)
[18:24:58] [ERROR] !   at …rhino.Context.callSync(Context.java:1357)
[18:24:58] [ERROR] !   at …rhino.InterfaceAdapter.invoke(InterfaceAdapter.java:125)
[18:24:58] [ERROR] !   at …rhino.VMBridge.lambda$newInterfaceProxy$0(VMBridge.java:74)
[18:24:58] [ERROR] !   at jdk.proxy1/jdk.proxy1.$Proxy117.accept(Unknown Source)
[18:24:58] [ERROR] !   at com.gregtechceu.gtceu.integration.kjs.events.GTOreVeinEventJS.add(GTOreVeinEventJS.java:22)
[18:24:58] [ERROR] !   at java.lang.reflect.Method.invoke(Method.java:580)
[18:24:58] [ERROR] !   at …rhino.MemberBox.invoke(MemberBox.java:160)
[18:24:58] [ERROR] !   at …rhino.NativeJavaMethod.call(NativeJavaMethod.java:463)
[18:24:58] [ERROR] !   at …rhino.Interpreter.interpretLoop(Interpreter.java:986)
[18:24:58] [ERROR] !   at script(server_scripts:compact_clay.js:2)
[18:24:58] [ERROR] !   at …rhino.Interpreter.interpret(Interpreter.java:370)
[18:24:58] [ERROR] !   at …rhino.InterpretedFunction.call(InterpretedFunction.java:72)
[18:24:58] [ERROR] !   at …rhino.Context.callSync(Context.java:1357)
[18:24:58] [ERROR] !   at …rhino.Context.doTopCall(Context.java:1374)
[18:24:58] [ERROR] !   at …rhino.InterpretedFunction.call(InterpretedFunction.java:70)
[18:24:58] [ERROR] !   at …rhino.Context.callSync(Context.java:1357)
[18:24:58] [ERROR] !   at …rhino.ArrowFunction.call(ArrowFunction.java:42)
[18:24:58] [ERROR] !   at …rhino.Context.callSync(Context.java:1357)
[18:24:58] [ERROR] !   at …rhino.InterfaceAdapter.invoke(InterfaceAdapter.java:125)
[18:24:58] [ERROR] !   at …rhino.VMBridge.lambda$newInterfaceProxy$0(VMBridge.java:74)
[18:24:58] [ERROR] !   at TRANSFORMER/jdk.proxy3/jdk.proxy3.$Proxy72.onEvent(Unknown Source)
[18:24:58] [ERROR] !   at …kubejs.event.EventHandlerContainer.handle(EventHandlerContainer.java:39)
[18:24:58] [ERROR] !   at …kubejs.event.EventHandler.postToHandlers(EventHandler.java:304)
[18:24:58] [ERROR] !   at …kubejs.event.EventHandler.post(EventHandler.java:272)
[18:24:58] [ERROR] !   at …kubejs.event.EventHandler.post(EventHandler.java:226)
[18:24:58] [ERROR] !   at …kubejs.event.EventHandler.post(EventHandler.java:189)
[18:24:58] [ERROR] !   at com.gregtechceu.gtceu.data.loader.GTOreLoader$KJSCallWrapper.fireKJSEvent(GTOreLoader.java:114)
[18:24:58] [ERROR] !   at com.gregtechceu.gtceu.data.loader.GTOreLoader.apply(GTOreLoader.java:60)
[18:24:58] [ERROR] !   at com.gregtechceu.gtceu.data.loader.GTOreLoader.m_5787_(GTOreLoader.java:37)
[18:24:58] [ERROR] !   at net.minecraft.server.packs.resources.SimplePreparableReloadListener.m_10789_(SimplePreparableReloadListener.java:13)
[18:24:58] [ERROR] !   at java.util.concurrent.CompletableFuture$UniAccept.tryFire(CompletableFuture.java:718)
[18:24:58] [ERROR] !   at java.util.concurrent.CompletableFuture$Completion.run(CompletableFuture.java:482)
[18:24:58] [ERROR] !   at net.minecraft.server.packs.resources.SimpleReloadInstance.m_143940_(SimpleReloadInstance.java:69)
[18:24:58] [ERROR] !   at net.minecraft.util.thread.BlockableEventLoop.m_6367_(BlockableEventLoop.java:156)
[18:24:58] [ERROR] !   at net.minecraft.util.thread.ReentrantBlockableEventLoop.m_6367_(ReentrantBlockableEventLoop.java:23)
[18:24:58] [ERROR] !   at net.minecraft.util.thread.BlockableEventLoop.m_7245_(BlockableEventLoop.java:130)
[18:24:58] [ERROR] !   at net.minecraft.util.thread.BlockableEventLoop.m_18701_(BlockableEventLoop.java:139)
[18:24:58] [ERROR] !   at net.minecraft.client.gui.screens.worldselection.WorldOpenFlows.m_246486_(WorldOpenFlows.java:163)
[18:24:58] [ERROR] !   at net.minecraft.client.gui.screens.worldselection.WorldOpenFlows.m_233122_(WorldOpenFlows.java:113)
[18:24:58] [ERROR] !   at net.minecraft.client.gui.screens.worldselection.WorldOpenFlows.doLoadLevel(WorldOpenFlows.java:181)
[18:24:58] [ERROR] !   at net.minecraft.client.gui.screens.worldselection.WorldOpenFlows.m_233145_(WorldOpenFlows.java:169)
[18:24:58] [ERROR] !   at net.minecraft.client.gui.screens.worldselection.WorldOpenFlows.m_233133_(WorldOpenFlows.java:65)
[18:24:58] [ERROR] !   at net.minecraft.client.gui.screens.worldselection.WorldSelectionList$WorldListEntry.m_101744_(WorldSelectionList.java:575)
[18:24:58] [ERROR] !   at net.minecraft.client.gui.screens.worldselection.WorldSelectionList$WorldListEntry.m_101704_(WorldSelectionList.java:474)
[18:24:58] [ERROR] !   at net.minecraft.client.gui.screens.worldselection.WorldSelectionList$WorldListEntry.m_6375_(WorldSelectionList.java:413)
[18:24:58] [ERROR] !   at net.minecraft.client.gui.components.AbstractSelectionList.m_6375_(AbstractSelectionList.java:298)
[18:24:58] [ERROR] !   at net.minecraft.client.gui.components.events.ContainerEventHandler.m_6375_(ContainerEventHandler.java:38)
[18:24:58] [ERROR] !   at net.minecraft.client.MouseHandler.m_168084_(MouseHandler.java:92)
[18:24:58] [ERROR] !   at net.minecraft.client.gui.screens.Screen.m_96579_(Screen.java:437)
[18:24:58] [ERROR] !   at net.minecraft.client.MouseHandler.m_91530_(MouseHandler.java:89)
[18:24:58] [ERROR] !   at net.minecraft.client.MouseHandler.m_168091_(MouseHandler.java:189)
[18:24:58] [ERROR] !   at net.minecraft.util.thread.BlockableEventLoop.execute(BlockableEventLoop.java:102)
[18:24:58] [ERROR] !   at net.minecraft.client.MouseHandler.m_91565_(MouseHandler.java:188)
[18:24:58] [ERROR] !   at MC-BOOTSTRAP/org.lwjgl.glfw@3.3.1+7/org.lwjgl.glfw.GLFWMouseButtonCallbackI.callback(GLFWMouseButtonCallbackI.java:43)
[18:24:58] [ERROR] !   at MC-BOOTSTRAP/org.lwjgl@3.3.1+7/org.lwjgl.system.JNI.invokeV(Native Method)
[18:24:58] [ERROR] !   at MC-BOOTSTRAP/org.lwjgl.glfw@3.3.1+7/org.lwjgl.glfw.GLFW.glfwWaitEventsTimeout(GLFW.java:3474)
[18:24:58] [ERROR] !   at com.mojang.blaze3d.systems.RenderSystem.limitDisplayFPS(RenderSystem.java:237)
[18:24:58] [ERROR] !   at net.minecraft.client.Minecraft.m_91383_(Minecraft.java:1173)
[18:24:58] [ERROR] !   at net.minecraft.client.Minecraft.m_91374_(Minecraft.java:718)
[18:24:58] [ERROR] !   at net.minecraft.client.main.Main.main(Main.java:218)
[18:24:58] [ERROR] !   at java.lang.reflect.Method.invoke(Method.java:580)
[18:24:58] [ERROR] !   at MC-BOOTSTRAP/fmlloader@1.20.1-47.4.10/net.minecraftforge.fml.loading.targets.CommonLaunchHandler.runTarget(CommonLaunchHandler.java:111)
[18:24:58] [ERROR] !   at MC-BOOTSTRAP/fmlloader@1.20.1-47.4.10/net.minecraftforge.fml.loading.targets.CommonLaunchHandler.clientService(CommonLaunchHandler.java:99)
[18:24:58] [ERROR] !   at MC-BOOTSTRAP/fmlloader@1.20.1-47.4.10/net.minecraftforge.fml.loading.targets.CommonClientLaunchHandler.lambda$makeService$0(CommonClientLaunchHandler.java:25)
[18:24:58] [ERROR] !   at MC-BOOTSTRAP/cpw.mods.modlauncher@10.0.9/cpw.mods.modlauncher.LaunchServiceHandlerDecorator.launch(LaunchServiceHandlerDecorator.java:30)
[18:24:58] [ERROR] !   at MC-BOOTSTRAP/cpw.mods.modlauncher@10.0.9/cpw.mods.modlauncher.LaunchServiceHandler.launch(LaunchServiceHandler.java:53)
[18:24:58] [ERROR] !   at MC-BOOTSTRAP/cpw.mods.modlauncher@10.0.9/cpw.mods.modlauncher.LaunchServiceHandler.launch(LaunchServiceHandler.java:71)
[18:24:58] [ERROR] !   at MC-BOOTSTRAP/cpw.mods.modlauncher@10.0.9/cpw.mods.modlauncher.Launcher.run(Launcher.java:108)
[18:24:58] [ERROR] !   at MC-BOOTSTRAP/cpw.mods.modlauncher@10.0.9/cpw.mods.modlauncher.Launcher.main(Launcher.java:78)
[18:24:58] [ERROR] !   at MC-BOOTSTRAP/cpw.mods.modlauncher@10.0.9/cpw.mods.modlauncher.BootstrapLaunchConsumer.accept(BootstrapLaunchConsumer.java:26)
[18:24:58] [ERROR] !   at MC-BOOTSTRAP/cpw.mods.modlauncher@10.0.9/cpw.mods.modlauncher.BootstrapLaunchConsumer.accept(BootstrapLaunchConsumer.java:23)
[18:24:58] [ERROR] !   at cpw.mods.bootstraplauncher@1.1.2/cpw.mods.bootstraplauncher.BootstrapLauncher.main(BootstrapLauncher.java:141)
[18:24:58] [ERROR] !   at java.lang.reflect.Method.invoke(Method.java:580)
[18:24:58] [ERROR] !   at io.github.zekerzhayard.forgewrapper.installer.Main.main(Main.java:67)
[18:24:58] [ERROR] !   at org.prismlauncher.launcher.impl.StandardLauncher.launch(StandardLauncher.java:115)
[18:24:58] [ERROR] !   at org.prismlauncher.EntryPoint.listen(EntryPoint.java:129)
[18:24:58] [ERROR] !   at org.prismlauncher.EntryPoint.main(EntryPoint.java:70)
[18:25:00] [INFO] Server resource reload complete!
[18:25:02] [INFO] dump_items.js#3: tacz:ammo
[18:25:02] [INFO] dump_items.js#3: tacz:ammo_box
[18:25:02] [INFO] dump_items.js#3: tacz:attachment
[18:25:02] [INFO] dump_items.js#3: tacz:gun_smith_table
[18:25:02] [INFO] dump_items.js#3: tacz:modern_kinetic_gun
[18:25:02] [INFO] dump_items.js#3: tacz:statue
[18:25:02] [INFO] dump_items.js#3: tacz:target
[18:25:02] [INFO] dump_items.js#3: tacz:target_minecart
[18:25:02] [INFO] dump_items.js#3: tacz:workbench_a
[18:25:02] [INFO] dump_items.js#3: tacz:workbench_b
[18:25:02] [INFO] dump_items.js#3: tacz:workbench_c
