[18:24:19] [INIT] KubeJS 2001.6.5-build.16; MC 2001 forge
[18:24:19] [INIT] Loaded plugins:
[18:24:19] [INIT] - dev.latvian.mods.kubejs.forge.BuiltinKubeJSForgePlugin
[18:24:19] [INIT] - dev.latvian.mods.kubejs.forge.BuiltinKubeJSForgeClientPlugin
[18:24:19] [INIT] - com.tacz.guns.compat.kubejs.TimelessKubeJSPlugin
[18:24:19] [INIT] - com.gregtechceu.gtceu.integration.kjs.GregTechKubeJSPlugin
[18:24:19] [INIT] - com.lowdragmc.lowdraglib.kjs.LDLibKubeJSPlugin
[18:24:19] [INIT] - com.norwood.wfcore.integration.kubejs.WFCoreKubePlugin
[18:24:19] [INIT] - com.warfactory.ultimateweight.forge.kubejs.UltimateWeightKubeJSPlugin
[18:24:19] [INIT] - dev.ftb.mods.ftbxmodcompat.ftbquests.kubejs.KubeJSIntegration
[18:24:19] [INIT] - dev.ftb.mods.ftbxmodcompat.ftbchunks.kubejs.FTBChunksKubeJSPlugin
[18:24:19] [INIT] - dev.ftb.mods.ftbxmodcompat.ftbteams.kubejs.FTBTeamsKubeJSPlugin
[18:24:19] [INIT] - dev.ftb.mods.ftbxmodcompat.ftbfiltersystem.kubejs.FFSKubeJSPlugin
[18:24:20] [INFO] custom_machines.js#2: Loaded Java class 'com.gregtechceu.gtceu.api.machine.trait.RecipeLogic'
[18:24:20] [INFO] custom_machines.js#3: Loaded Java class 'java.util.List'
[18:24:20] [INFO] custom_machines.js#4: Loaded Java class 'org.joml.Vector3f'
[18:24:20] [INFO] Loaded script startup_scripts:custom_machines.js in 0.053 s
[18:24:20] [INFO] Loaded script startup_scripts:ore_killer.js in 0.0 s
[18:24:20] [INFO] Loaded script startup_scripts:partMaker/ammo_parts.js in 0.0 s
[18:24:20] [INFO] Loaded script startup_scripts:partMaker/fluids.js in 0.001 s
[18:24:20] [INFO] Loaded script startup_scripts:partMaker/gun_parts.js in 0.004 s
[18:24:20] [INFO] Loaded script startup_scripts:partMaker/New_materials.js in 0.003 s
[18:24:20] [INFO] Loaded script startup_scripts:partMaker/other_parts.js in 0.001 s
[18:24:20] [INFO] Loaded script startup_scripts:partMaker/vehicle_parts.js in 0.001 s
[18:24:20] [INFO] Loaded script startup_scripts:WFResearch.js in 0.016 s
[18:24:20] [INFO] pipes.js#1: FILE TOP REACHED
[18:24:20] [INFO] Loaded script startup_scripts:pipes.js in 0.002 s
[18:24:20] [INFO] Loaded script startup_scripts:blocks.js in 0.001 s
[18:24:20] [INFO] Loaded 11/11 KubeJS startup scripts in 0.62 s with 0 errors and 0 warnings
[18:24:20] [WARN] blocks.js#6: blockBuilder.material(string) is no longer supported! Use .soundType(SoundType) and .mapColor(MapColor) instead!
[18:24:20] [INFO] pipes.js#4: inside registry event
[18:24:20] [INFO] pipes.js#12: material.create finished without throwing
