[01:21:26] [modloading-worker-0/INFO] ========================================
[01:21:26] [modloading-worker-0/INFO] Minecraft: 1.20.1
[01:21:26] [modloading-worker-0/INFO] Side: client
[01:21:26] [modloading-worker-0/INFO] Development: false
[01:21:26] [modloading-worker-0/INFO] Version: 12.1.785
[01:21:26] [modloading-worker-0/INFO] Loader:
[01:21:26] [modloading-worker-0/INFO] - Forge: 47.4.10
[01:21:26] [modloading-worker-0/INFO] Dependencies:
[01:21:26] [modloading-worker-0/INFO] - Cloth Config: 11.1.136
[01:21:26] [modloading-worker-0/INFO] - Architectury: 9.2.14
[01:21:26] [modloading-worker-0/INFO] Mixin: 0.8.5
[01:21:26] [modloading-worker-0/INFO] OS: Linux 6.18.36-1-cachyos-lts (amd64)
[01:21:26] [modloading-worker-0/INFO] Java: 21.0.11 (Arch Linux)
[01:21:26] [modloading-worker-0/INFO] ========================================
[01:21:26] [modloading-worker-0/INFO] Mods:
[01:21:26] [modloading-worker-0/INFO] - admanticheat: 1.9.3
[01:21:26] [modloading-worker-0/INFO] - ae2: 15.4.10
[01:21:26] [modloading-worker-0/INFO] - architectury: 9.2.14
[01:21:26] [modloading-worker-0/INFO] - ashvehicle: 1.20.1-4.5-8.8
[01:21:26] [modloading-worker-0/INFO] - borderlesswindow: 1.20-1.6.0
[01:21:26] [modloading-worker-0/INFO] - cloth_config: 11.1.136
[01:21:26] [modloading-worker-0/INFO] - configuration: 2.2.0
[01:21:26] [modloading-worker-0/INFO] - configured: 2.2.3
[01:21:26] [modloading-worker-0/INFO] - controlling: 12.0.2
[01:21:26] [modloading-worker-0/INFO] - craftingstation: 0
[01:21:26] [modloading-worker-0/INFO] - curios: 5.14.1+1.20.1
[01:21:26] [modloading-worker-0/INFO] - dragonrise_reforge: 1.3.0
[01:21:26] [modloading-worker-0/INFO] - embeddium: 0.3.31+mc1.20.1
[01:21:26] [modloading-worker-0/INFO] - emi: 1.1.24+1.20.1+forge
[01:21:26] [modloading-worker-0/INFO] - emi_letsdo_compat: 1.8.1
[01:21:26] [modloading-worker-0/INFO] - entityculling: 1.10.1
[01:21:26] [modloading-worker-0/INFO] - extralib: 2.1.4
[01:21:26] [modloading-worker-0/INFO] - extraquests: 1.6.2
[01:21:26] [modloading-worker-0/INFO] - fancymenu: 3.8.0
[01:21:26] [modloading-worker-0/INFO] - ferritecore: 6.0.1
[01:21:26] [modloading-worker-0/INFO] - firstaid: 1.20.1-1.1
[01:21:26] [modloading-worker-0/INFO] - forge: 47.4.10
[01:21:26] [modloading-worker-0/INFO] - fps_animation: 1.3
[01:21:26] [modloading-worker-0/INFO] - ftbchunks: 2001.3.7
[01:21:26] [modloading-worker-0/INFO] - ftbfiltersystem: 20.0.1
[01:21:26] [modloading-worker-0/INFO] - ftblibrary: 2001.2.12
[01:21:26] [modloading-worker-0/INFO] - ftbquests: 2001.4.18
[01:21:26] [modloading-worker-0/INFO] - ftbranks: 2001.1.7
[01:21:26] [modloading-worker-0/INFO] - ftbteams: 2001.3.2
[01:21:26] [modloading-worker-0/INFO] - ftbxmodcompat: 2.1.2
[01:21:26] [modloading-worker-0/INFO] - geckolib: 4.8.3
[01:21:26] [modloading-worker-0/INFO] - globalpacks: 19.3.7
[01:21:26] [modloading-worker-0/INFO] - gtceu: 7.5.3
[01:21:26] [modloading-worker-0/INFO] - guideme: 20.1.14
[01:21:26] [modloading-worker-0/INFO] - gunfireoverhaul: 0.1.5-a
[01:21:26] [modloading-worker-0/INFO] - halovecs: 3.2.7
[01:21:26] [modloading-worker-0/INFO] - hcompass: 1.0.0
[01:21:26] [modloading-worker-0/INFO] - hematic: 1.0.0
[01:21:26] [modloading-worker-0/INFO] - immediatelyfast: 1.5.4+1.20.4
[01:21:26] [modloading-worker-0/INFO] - konkrete: 1.8.0
[01:21:26] [modloading-worker-0/INFO] - kubejs: 2001.6.5-build.16
[01:21:26] [modloading-worker-0/INFO] - ldlib: 1.0.50
[01:21:26] [modloading-worker-0/INFO] - mcgltf: 1.20.1
[01:21:26] [modloading-worker-0/INFO] - melody: 1.0.2
[01:21:26] [modloading-worker-0/INFO] - minecraft: 1.20.1
[01:21:26] [modloading-worker-0/INFO] - minetraps: 2.3.0a
[01:21:26] [modloading-worker-0/INFO] - mm_armor: 1.1.0
[01:21:26] [modloading-worker-0/INFO] - modernfix: 5.27.12+mc1.20.1
[01:21:26] [modloading-worker-0/INFO] - modularui: 3.3.0
[01:21:26] [modloading-worker-0/INFO] - playeranimator: 1.0.2-rc1+1.20
[01:21:26] [modloading-worker-0/INFO] - polymorph: 0.49.10+1.20.1
[01:21:26] [modloading-worker-0/INFO] - reforgedplaymod: 0.3.1
[01:21:26] [modloading-worker-0/INFO] - replaymod: 2.6.18
[01:21:26] [modloading-worker-0/INFO] - rhino: 2001.2.3-build.10
[01:21:26] [modloading-worker-0/INFO] - roughlyenoughitems: 12.1.785
[01:21:26] [modloading-worker-0/INFO] - rubidium: 0.7.1
[01:21:26] [modloading-worker-0/INFO] - searchables: 1.0.3
[01:21:26] [modloading-worker-0/INFO] - simplebedrockmodel: 2.3.3-forge-mc1.20.1
[01:21:26] [modloading-worker-0/INFO] - spectrelib: 0.13.17+1.20.1
[01:21:26] [modloading-worker-0/INFO] - superbwarfare: 0.8.8
[01:21:26] [modloading-worker-0/INFO] - tacmove: 1.0.0
[01:21:26] [modloading-worker-0/INFO] - tacticaldustfx: 0.0.1
[01:21:26] [modloading-worker-0/INFO] - tacz: 1.1.8-hotfix
[01:21:26] [modloading-worker-0/INFO] - tacz_firstaid_compat: 1.0.0
[01:21:26] [modloading-worker-0/INFO] - tacz_tactical_breaching: 1.0.2-Hotfix
[01:21:26] [modloading-worker-0/INFO] - taczadditions: 1.0.0-hotfix
[01:21:26] [modloading-worker-0/INFO] - theoneprobe: 1.20.1-10.0.3
[01:21:26] [modloading-worker-0/INFO] - transition: 1.0.17
[01:21:26] [modloading-worker-0/INFO] - travelersbackpack: 9.1.53
[01:21:26] [modloading-worker-0/INFO] - trender: 1.0.12
[01:21:26] [modloading-worker-0/INFO] - voicechat: 1.20.1-2.6.16
[01:21:26] [modloading-worker-0/INFO] - voicechat_api: 2.6.13
[01:21:26] [modloading-worker-0/INFO] - voltaic: 1.20.1-1.0.2-0
[01:21:26] [modloading-worker-0/INFO] - vvp: 0.2.0
[01:21:26] [modloading-worker-0/INFO] - walkietalkie: 1.3.0
[01:21:26] [modloading-worker-0/INFO] - warforge: 2.1.0
[01:21:26] [modloading-worker-0/INFO] - wfcore: 0.1.0
[01:21:26] [modloading-worker-0/INFO] - wfweight: 1.0.0-SNAPSHOT
[01:21:26] [modloading-worker-0/INFO] - wwii_uniforms_mod: 1.0.0
[01:21:26] [modloading-worker-0/INFO] ========================================
[01:21:27] [modloading-worker-0/DEBUG] [REI] Added filtering rule [roughlyenoughitems:search]: INSTANCE
[01:21:27] [modloading-worker-0/DEBUG] [REI] Added filtering rule [roughlyenoughitems:manual]: INSTANCE
[01:21:27] [modloading-worker-0/DEBUG] [REI] Added filtering rule [roughlyenoughitems:basic]: INSTANCE
[01:21:27] [modloading-worker-0/INFO] [REI] Config loaded
[01:21:27] [modloading-worker-0/DEBUG] [REI] Config saved
[01:21:27] [modloading-worker-0/DEBUG] [REI] Config saved
[01:21:27] [modloading-worker-0/DEBUG] [REI] Config saved
[01:21:27] [modloading-worker-0/INFO] [REI] Registered plugin provider AE2 [ae2] for REIPlugin
[01:21:27] [modloading-worker-0/INFO] [REI] Registered plugin provider REIForgePluginStub [ftblibrary] for REIPlugin
[01:21:27] [modloading-worker-0/INFO] [REI] Registered plugin provider ReiPlugin [craftingstation] for REIPlugin
[01:21:27] [modloading-worker-0/INFO] [REI] Registered plugin provider ReiClientPlugin [craftingstation] for REIPlugin
[01:21:27] [modloading-worker-0/INFO] [REI] Registered plugin provider ReiCompat [travelersbackpack] for REIPlugin
[01:21:27] [modloading-worker-0/INFO] [REI] Registered plugin provider REIPluginImpl [ldlib] for REIPlugin
[01:21:27] [modloading-worker-0/INFO] [REI] Registered plugin provider ReiClientCompat [travelersbackpack] for REIPlugin
[01:21:27] [modloading-worker-0/INFO] [REI] Registered plugin provider REIForgePluginStub [kubejs] for REIPlugin
[01:21:27] [modloading-worker-0/INFO] [REI] Registered plugin provider FTBQuestsREIIntegrationForge [ftbxmodcompat] for REIPlugin
[01:21:27] [modloading-worker-0/INFO] [REI] Registered plugin provider ModularUIREIPlugin [modularui] for REIPlugin
[01:21:27] [modloading-worker-0/INFO] [REI] Registered plugin provider GTREIPlugin [gtceu] for REIPlugin
[01:21:27] [modloading-worker-0/INFO] [REI] Registered plugin provider DefaultPluginImpl [roughlyenoughitems] for REIServerPlugin
[01:21:27] [modloading-worker-0/INFO] [REI] Registered plugin provider DefaultPluginImpl [roughlyenoughitems] for REIPlugin
[01:21:27] [modloading-worker-0/INFO] [REI] Registered plugin provider DefaultRuntimePlugin [roughlyenoughitems] for REIServerPlugin
[01:21:27] [modloading-worker-0/INFO] [REI] Registered plugin provider DefaultRuntimePlugin [roughlyenoughitems] for REIPlugin
[01:21:27] [modloading-worker-0/INFO] [REI] Registered plugin provider ReiPlugin [craftingstation] for REIServerPlugin
[01:21:27] [modloading-worker-0/INFO] [REI] Registered plugin provider DefaultClientPluginImpl [roughlyenoughitems] for REIClientPlugin
[01:21:27] [modloading-worker-0/INFO] [REI] Registered plugin provider DefaultClientPluginImpl [roughlyenoughitems] for REIPlugin
[01:21:27] [modloading-worker-0/INFO] [REI] Registered plugin provider DefaultClientRuntimePlugin [roughlyenoughitems] for REIClientPlugin
[01:21:27] [modloading-worker-0/INFO] [REI] Registered plugin provider DefaultClientRuntimePlugin [roughlyenoughitems] for REIPlugin
[01:21:27] [modloading-worker-0/DEBUG] [REI] Added filtering rule [roughlyenoughitems:hidden_from_recipe_viewers]: INSTANCE
[01:21:27] [modloading-worker-0/INFO] [REI] Registered plugin provider HideIngredientsFromTagsPlugin [roughlyenoughitems] for REIClientPlugin
[01:21:27] [modloading-worker-0/INFO] [REI] Registered plugin provider HideIngredientsFromTagsPlugin [roughlyenoughitems] for REIPlugin
[01:21:27] [modloading-worker-0/INFO] [REI] Registered plugin provider AE2 [ae2] for REIClientPlugin
[01:21:27] [modloading-worker-0/INFO] [REI] Registered plugin provider REIForgePluginStub [ftblibrary] for REIClientPlugin
[01:21:27] [modloading-worker-0/INFO] [REI] Registered plugin provider ReiClientPlugin [craftingstation] for REIClientPlugin
[01:21:27] [modloading-worker-0/INFO] [REI] Registered plugin provider ReiCompat [travelersbackpack] for REIClientPlugin
[01:21:27] [modloading-worker-0/INFO] [REI] Registered plugin provider REIPluginImpl [ldlib] for REIClientPlugin
[01:21:27] [modloading-worker-0/INFO] [REI] Registered plugin provider ReiClientCompat [travelersbackpack] for REIClientPlugin
[01:21:27] [modloading-worker-0/INFO] [REI] Registered plugin provider REIForgePluginStub [kubejs] for REIClientPlugin
[01:21:27] [modloading-worker-0/INFO] [REI] Registered plugin provider FTBQuestsREIIntegrationForge [ftbxmodcompat] for REIClientPlugin
[01:21:27] [modloading-worker-0/INFO] [REI] Registered plugin provider ModularUIREIPlugin [modularui] for REIClientPlugin
[01:21:27] [modloading-worker-0/INFO] [REI] Registered plugin provider GTREIPlugin [gtceu] for REIClientPlugin
